# JRE version: Java(TM) SE Runtime Environment (10.0.2+13) (build 10.0.2+13)
# Java VM: Java HotSpot(TM) 64-Bit Server VM (10.0.2+13, mixed mode, tiered, compressed oops, g1 gc, windows-amd64)
Heap:
 garbage-first heap   total 126976K, used 79124K [0x0000000084400000, 0x0000000100000000)
  region size 1024K, 70 young (71680K), 5 survivors (5120K)
 Metaspace       used 20862K, capacity 21358K, committed 21680K, reserved 1069056K
  class space    used 2196K, capacity 2438K, committed 2560K, reserved 1048576K
GC Heap History (10 events):
Event: 2.780 GC heap before
{Heap before GC invocations=0 (full 0):
 garbage-first heap   total 126976K, used 20480K [0x0000000084400000, 0x0000000100000000)
  region size 1024K, 14 young (14336K), 0 survivors (0K)
 Metaspace       used 16327K, capacity 16828K, committed 17024K, reserved 1064960K
  class space    used 1665K, capacity 1896K, committed 1920K, reserved 1048576K
}
Event: 2.789 GC heap after
{Heap after GC invocations=1 (full 0):
 garbage-first heap   total 126976K, used 9256K [0x0000000084400000, 0x0000000100000000)
  region size 1024K, 2 young (2048K), 2 survivors (2048K)
 Metaspace       used 16327K, capacity 16828K, committed 17024K, reserved 1064960K
  class space    used 1665K, capacity 1896K, committed 1920K, reserved 1048576K
}
Event: 8.322 GC heap before
{Heap before GC invocations=1 (full 0):
 garbage-first heap   total 126976K, used 21544K [0x0000000084400000, 0x0000000100000000)
  region size 1024K, 14 young (14336K), 2 survivors (2048K)
 Metaspace       used 19766K, capacity 20258K, committed 20608K, reserved 1067008K
  class space    used 2117K, capacity 2327K, committed 2432K, reserved 1048576K
}
Event: 8.329 GC heap after
{Heap after GC invocations=2 (full 0):
 garbage-first heap   total 126976K, used 10140K [0x0000000084400000, 0x0000000100000000)
  region size 1024K, 1 young (1024K), 1 survivors (1024K)
 Metaspace       used 19766K, capacity 20258K, committed 20608K, reserved 1067008K
  class space    used 2117K, capacity 2327K, committed 2432K, reserved 1048576K
}
Event: 26.873 GC heap before
{Heap before GC invocations=2 (full 0):
 garbage-first heap   total 126976K, used 41884K [0x0000000084400000, 0x0000000100000000)
  region size 1024K, 32 young (32768K), 1 survivors (1024K)
 Metaspace       used 20574K, capacity 21117K, committed 21296K, reserved 1069056K
  class space    used 2189K, capacity 2402K, committed 2432K, reserved 1048576K
}
Event: 26.881 GC heap after
{Heap after GC invocations=3 (full 0):
 garbage-first heap   total 126976K, used 11269K [0x0000000084400000, 0x0000000100000000)
  region size 1024K, 3 young (3072K), 3 survivors (3072K)
 Metaspace       used 20574K, capacity 21117K, committed 21296K, reserved 1069056K
  class space    used 2189K, capacity 2402K, committed 2432K, reserved 1048576K
}
Event: 49.646 GC heap before
{Heap before GC invocations=3 (full 0):
 garbage-first heap   total 126976K, used 48133K [0x0000000084400000, 0x0000000100000000)
  region size 1024K, 40 young (40960K), 3 survivors (3072K)
 Metaspace       used 20649K, capacity 21123K, committed 21296K, reserved 1069056K
  class space    used 2191K, capacity 2403K, committed 2432K, reserved 1048576K
}
Event: 49.657 GC heap after
{Heap after GC invocations=4 (full 0):
 garbage-first heap   total 126976K, used 11804K [0x0000000084400000, 0x0000000100000000)
  region size 1024K, 3 young (3072K), 3 survivors (3072K)
 Metaspace       used 20649K, capacity 21123K, committed 21296K, reserved 1069056K
  class space    used 2191K, capacity 2403K, committed 2432K, reserved 1048576K
}
Event: 93.141 GC heap before
{Heap before GC invocations=5 (full 0):
 garbage-first heap   total 126976K, used 84508K [0x0000000084400000, 0x0000000100000000)
  region size 1024K, 74 young (75776K), 3 survivors (3072K)
 Metaspace       used 20775K, capacity 21288K, committed 21680K, reserved 1069056K
  class space    used 2196K, capacity 2437K, committed 2560K, reserved 1048576K
}
Event: 93.155 GC heap after
{Heap after GC invocations=6 (full 0):
 garbage-first heap   total 126976K, used 13588K [0x0000000084400000, 0x0000000100000000)
  region size 1024K, 5 young (5120K), 5 survivors (5120K)
 Metaspace       used 20775K, capacity 21288K, committed 21680K, reserved 1069056K
  class space    used 2196K, capacity 2437K, committed 2560K, reserved 1048576K
}

